Analysis & Synthesis report for main
Wed Jan 27 20:30:56 2021
Quartus II 64-Bit Version 13.1.0 Build 162 10/23/2013 SJ Web Edition


---------------------
; Table of Contents ;
---------------------
  1. Legal Notice
  2. Analysis & Synthesis Summary
  3. Analysis & Synthesis Settings
  4. Parallel Compilation
  5. Analysis & Synthesis Source Files Read
  6. Analysis & Synthesis Resource Usage Summary
  7. Analysis & Synthesis Resource Utilization by Entity
  8. General Register Statistics
  9. Elapsed Time Per Partition
 10. Analysis & Synthesis Messages



----------------
; Legal Notice ;
----------------
Copyright (C) 1991-2013 Altera Corporation
Your use of Altera Corporation's design tools, logic functions 
and other software and tools, and its AMPP partner logic 
functions, and any output files from any of the foregoing 
(including device programming or simulation files), and any 
associated documentation or information are expressly subject 
to the terms and conditions of the Altera Program License 
Subscription Agreement, Altera MegaCore Function License 
Agreement, or other applicable license agreement, including, 
without limitation, that your use is for the sole purpose of 
programming logic devices manufactured by Altera and sold by 
Altera or its authorized distributors.  Please refer to the 
applicable agreement for further details.



+---------------------------------------------------------------------------------+
; Analysis & Synthesis Summary                                                    ;
+------------------------------------+--------------------------------------------+
; Analysis & Synthesis Status        ; Successful - Wed Jan 27 20:30:56 2021      ;
; Quartus II 64-Bit Version          ; 13.1.0 Build 162 10/23/2013 SJ Web Edition ;
; Revision Name                      ; main                                       ;
; Top-level Entity Name              ; mux2x1                                     ;
; Family                             ; Cyclone IV GX                              ;
; Total logic elements               ; 1                                          ;
;     Total combinational functions  ; 1                                          ;
;     Dedicated logic registers      ; 0                                          ;
; Total registers                    ; 0                                          ;
; Total pins                         ; 4                                          ;
; Total virtual pins                 ; 0                                          ;
; Total memory bits                  ; 0                                          ;
; Embedded Multiplier 9-bit elements ; 0                                          ;
; Total GXB Receiver Channel PCS     ; 0                                          ;
; Total GXB Receiver Channel PMA     ; 0                                          ;
; Total GXB Transmitter Channel PCS  ; 0                                          ;
; Total GXB Transmitter Channel PMA  ; 0                                          ;
; Total PLLs                         ; 0                                          ;
+------------------------------------+--------------------------------------------+


+----------------------------------------------------------------------------------------------------------------------+
; Analysis & Synthesis Settings                                                                                        ;
+----------------------------------------------------------------------------+--------------------+--------------------+
; Option                                                                     ; Setting            ; Default Value      ;
+----------------------------------------------------------------------------+--------------------+--------------------+
; Top-level entity name                                                      ; mux2x1             ; main               ;
; Family name                                                                ; Cyclone IV GX      ; Cyclone IV GX      ;
; Use smart compilation                                                      ; Off                ; Off                ;
; Enable parallel Assembler and TimeQuest Timing Analyzer during compilation ; On                 ; On                 ;
; Enable compact report table                                                ; Off                ; Off                ;
; Restructure Multiplexers                                                   ; Auto               ; Auto               ;
; Create Debugging Nodes for IP Cores                                        ; Off                ; Off                ;
; Preserve fewer node names                                                  ; On                 ; On                 ;
; Disable OpenCore Plus hardware evaluation                                  ; Off                ; Off                ;
; Verilog Version                                                            ; Verilog_2001       ; Verilog_2001       ;
; VHDL Version                                                               ; VHDL_1993          ; VHDL_1993          ;
; State Machine Processing                                                   ; Auto               ; Auto               ;
; Safe State Machine                                                         ; Off                ; Off                ;
; Extract Verilog State Machines                                             ; On                 ; On                 ;
; Extract VHDL State Machines                                                ; On                 ; On                 ;
; Ignore Verilog initial constructs                                          ; Off                ; Off                ;
; Iteration limit for constant Verilog loops                                 ; 5000               ; 5000               ;
; Iteration limit for non-constant Verilog loops                             ; 250                ; 250                ;
; Add Pass-Through Logic to Inferred RAMs                                    ; On                 ; On                 ;
; Infer RAMs from Raw Logic                                                  ; On                 ; On                 ;
; Parallel Synthesis                                                         ; On                 ; On                 ;
; DSP Block Balancing                                                        ; Auto               ; Auto               ;
; NOT Gate Push-Back                                                         ; On                 ; On                 ;
; Power-Up Don't Care                                                        ; On                 ; On                 ;
; Remove Redundant Logic Cells                                               ; Off                ; Off                ;
; Remove Duplicate Registers                                                 ; On                 ; On                 ;
; Ignore CARRY Buffers                                                       ; Off                ; Off                ;
; Ignore CASCADE Buffers                                                     ; Off                ; Off                ;
; Ignore GLOBAL Buffers                                                      ; Off                ; Off                ;
; Ignore ROW GLOBAL Buffers                                                  ; Off                ; Off                ;
; Ignore LCELL Buffers                                                       ; Off                ; Off                ;
; Ignore SOFT Buffers                                                        ; On                 ; On                 ;
; Limit AHDL Integers to 32 Bits                                             ; Off                ; Off                ;
; Optimization Technique                                                     ; Balanced           ; Balanced           ;
; Carry Chain Length                                                         ; 70                 ; 70                 ;
; Auto Carry Chains                                                          ; On                 ; On                 ;
; Auto Open-Drain Pins                                                       ; On                 ; On                 ;
; Perform WYSIWYG Primitive Resynthesis                                      ; Off                ; Off                ;
; Auto ROM Replacement                                                       ; On                 ; On                 ;
; Auto RAM Replacement                                                       ; On                 ; On                 ;
; Auto DSP Block Replacement                                                 ; On                 ; On                 ;
; Auto Shift Register Replacement                                            ; Auto               ; Auto               ;
; Allow Shift Register Merging across Hierarchies                            ; Auto               ; Auto               ;
; Auto Clock Enable Replacement                                              ; On                 ; On                 ;
; Strict RAM Replacement                                                     ; Off                ; Off                ;
; Allow Synchronous Control Signals                                          ; On                 ; On                 ;
; Force Use of Synchronous Clear Signals                                     ; Off                ; Off                ;
; Auto RAM Block Balancing                                                   ; On                 ; On                 ;
; Auto RAM to Logic Cell Conversion                                          ; Off                ; Off                ;
; Auto Resource Sharing                                                      ; Off                ; Off                ;
; Allow Any RAM Size For Recognition                                         ; Off                ; Off                ;
; Allow Any ROM Size For Recognition                                         ; Off                ; Off                ;
; Allow Any Shift Register Size For Recognition                              ; Off                ; Off                ;
; Use LogicLock Constraints during Resource Balancing                        ; On                 ; On                 ;
; Ignore translate_off and synthesis_off directives                          ; Off                ; Off                ;
; Timing-Driven Synthesis                                                    ; On                 ; On                 ;
; Report Parameter Settings                                                  ; On                 ; On                 ;
; Report Source Assignments                                                  ; On                 ; On                 ;
; Report Connectivity Checks                                                 ; On                 ; On                 ;
; Ignore Maximum Fan-Out Assignments                                         ; Off                ; Off                ;
; Synchronization Register Chain Length                                      ; 2                  ; 2                  ;
; PowerPlay Power Optimization                                               ; Normal compilation ; Normal compilation ;
; HDL message level                                                          ; Level2             ; Level2             ;
; Suppress Register Optimization Related Messages                            ; Off                ; Off                ;
; Number of Removed Registers Reported in Synthesis Report                   ; 5000               ; 5000               ;
; Number of Swept Nodes Reported in Synthesis Report                         ; 5000               ; 5000               ;
; Number of Inverted Registers Reported in Synthesis Report                  ; 100                ; 100                ;
; Clock MUX Protection                                                       ; On                 ; On                 ;
; Auto Gated Clock Conversion                                                ; Off                ; Off                ;
; Block Design Naming                                                        ; Auto               ; Auto               ;
; SDC constraint protection                                                  ; Off                ; Off                ;
; Synthesis Effort                                                           ; Auto               ; Auto               ;
; Shift Register Replacement - Allow Asynchronous Clear Signal               ; On                 ; On                 ;
; Pre-Mapping Resynthesis Optimization                                       ; Off                ; Off                ;
; Analysis & Synthesis Message Level                                         ; Medium             ; Medium             ;
; Disable Register Merging Across Hierarchies                                ; Auto               ; Auto               ;
; Resource Aware Inference For Block RAM                                     ; On                 ; On                 ;
; Synthesis Seed                                                             ; 1                  ; 1                  ;
+----------------------------------------------------------------------------+--------------------+--------------------+


+------------------------------------------+
; Parallel Compilation                     ;
+----------------------------+-------------+
; Processors                 ; Number      ;
+----------------------------+-------------+
; Number detected on machine ; 4           ;
; Maximum allowed            ; 2           ;
;                            ;             ;
; Average used               ; 1.00        ;
; Maximum used               ; 1           ;
;                            ;             ;
; Usage by Processor         ; % Time Used ;
;     Processor 1            ; 100.0%      ;
;     Processors 2-4         ;   0.0%      ;
+----------------------------+-------------+


+-------------------------------------------------------------------------------------------------------------------------------------------------------------------+
; Analysis & Synthesis Source Files Read                                                                                                                            ;
+----------------------------------+-----------------+-----------------+----------------------------------------------------------------------------------+---------+
; File Name with User-Entered Path ; Used in Netlist ; File Type       ; File Name with Absolute Path                                                     ; Library ;
+----------------------------------+-----------------+-----------------+----------------------------------------------------------------------------------+---------+
; ../LAB1/CODE VHD/mux2x1.vhd      ; yes             ; User VHDL File  ; C:/Users/kaike/Desktop/UFRN/8º PERÍODO/SISTEMA DIGITAIS/LAB1/CODE VHD/mux2x1.vhd ;         ;
+----------------------------------+-----------------+-----------------+----------------------------------------------------------------------------------+---------+


+---------------------------------------------+
; Analysis & Synthesis Resource Usage Summary ;
+--------------------------+------------------+
; Resource                 ; Usage            ;
+--------------------------+------------------+
; I/O pins                 ; 4                ;
; DSP block 9-bit elements ; 0                ;
; Maximum fan-out node     ; Saida~0          ;
; Maximum fan-out          ; 1                ;
; Total fan-out            ; 8                ;
; Average fan-out          ; 0.89             ;
+--------------------------+------------------+


+-----------------------------------------------------------------------------------------------------------------------------------------------------------------------------------------+
; Analysis & Synthesis Resource Utilization by Entity                                                                                                                                     ;
+----------------------------+-------------------+--------------+-------------+--------------+---------+-----------+-----------+------+--------------+---------------------+--------------+
; Compilation Hierarchy Node ; LC Combinationals ; LC Registers ; Memory Bits ; DSP Elements ; DSP 9x9 ; DSP 18x18 ; DSP 36x36 ; Pins ; Virtual Pins ; Full Hierarchy Name ; Library Name ;
+----------------------------+-------------------+--------------+-------------+--------------+---------+-----------+-----------+------+--------------+---------------------+--------------+
; |mux2x1                    ; 1 (1)             ; 0 (0)        ; 0           ; 0            ; 0       ; 0         ; 0         ; 4    ; 0            ; |mux2x1             ; work         ;
+----------------------------+-------------------+--------------+-------------+--------------+---------+-----------+-----------+------+--------------+---------------------+--------------+
Note: For table entries with two numbers listed, the numbers in parentheses indicate the number of resources of the given type used by the specific entity alone. The numbers listed outside of parentheses indicate the total resources of the given type used by the specific entity and all of its sub-entities in the hierarchy.


+------------------------------------------------------+
; General Register Statistics                          ;
+----------------------------------------------+-------+
; Statistic                                    ; Value ;
+----------------------------------------------+-------+
; Total registers                              ; 0     ;
; Number of registers using Synchronous Clear  ; 0     ;
; Number of registers using Synchronous Load   ; 0     ;
; Number of registers using Asynchronous Clear ; 0     ;
; Number of registers using Asynchronous Load  ; 0     ;
; Number of registers using Clock Enable       ; 0     ;
; Number of registers using Preset             ; 0     ;
+----------------------------------------------+-------+


+-------------------------------+
; Elapsed Time Per Partition    ;
+----------------+--------------+
; Partition Name ; Elapsed Time ;
+----------------+--------------+
; Top            ; 00:00:01     ;
+----------------+--------------+


+-------------------------------+
; Analysis & Synthesis Messages ;
+-------------------------------+
Info: *******************************************************************
Info: Running Quartus II 64-Bit Analysis & Synthesis
    Info: Version 13.1.0 Build 162 10/23/2013 SJ Web Edition
    Info: Processing started: Wed Jan 27 20:30:51 2021
Info: Command: quartus_map --read_settings_files=on --write_settings_files=off PROJETO1-IMPL -c main
Info (11104): Parallel Compilation has detected 4 hyper-threaded processors. However, the extra hyper-threaded processors will not be used by default. Parallel Compilation will use 2 of the 2 physical processors detected instead.
Info (12021): Found 2 design units, including 1 entities, in source file /users/kaike/desktop/ufrn/8º perÍodo/sistema digitais/lab1/code vhd/somador8bit.vhd
    Info (12022): Found design unit 1: somador8bit-ckt
    Info (12023): Found entity 1: somador8bit
Info (12021): Found 2 design units, including 1 entities, in source file /users/kaike/desktop/ufrn/8º perÍodo/sistema digitais/lab1/code vhd/somador1bit.vhd
    Info (12022): Found design unit 1: somador1bit-ckt
    Info (12023): Found entity 1: somador1bit
Info (12021): Found 2 design units, including 1 entities, in source file /users/kaike/desktop/ufrn/8º perÍodo/sistema digitais/lab1/code vhd/reg8bit.vhd
    Info (12022): Found design unit 1: reg8bit-ckto
    Info (12023): Found entity 1: reg8bit
Info (12021): Found 2 design units, including 1 entities, in source file /users/kaike/desktop/ufrn/8º perÍodo/sistema digitais/lab1/code vhd/reg4bit.vhd
    Info (12022): Found design unit 1: reg4bit-ckto
    Info (12023): Found entity 1: reg4bit
Info (12021): Found 2 design units, including 1 entities, in source file /users/kaike/desktop/ufrn/8º perÍodo/sistema digitais/lab1/code vhd/reg2bit.vhd
    Info (12022): Found design unit 1: reg2bit-ckto
    Info (12023): Found entity 1: reg2bit
Info (12021): Found 2 design units, including 1 entities, in source file /users/kaike/desktop/ufrn/8º perÍodo/sistema digitais/lab1/code vhd/mux16x8.vhd
    Info (12022): Found design unit 1: mux16x8-ckt_mux16x8
    Info (12023): Found entity 1: mux16x8
Info (12021): Found 2 design units, including 1 entities, in source file /users/kaike/desktop/ufrn/8º perÍodo/sistema digitais/lab1/code vhd/mux2x1.vhd
    Info (12022): Found design unit 1: mux2x1-ckt_mux2x1
    Info (12023): Found entity 1: mux2x1
Info (12021): Found 2 design units, including 1 entities, in source file /users/kaike/desktop/ufrn/8º perÍodo/sistema digitais/lab1/code vhd/mde_b.vhd
    Info (12022): Found design unit 1: mde_b-ckt
    Info (12023): Found entity 1: mde_b
Info (12021): Found 2 design units, including 1 entities, in source file /users/kaike/desktop/ufrn/8º perÍodo/sistema digitais/lab1/code vhd/main.vhd
    Info (12022): Found design unit 1: main-ckt
    Info (12023): Found entity 1: main
Info (12021): Found 2 design units, including 1 entities, in source file /users/kaike/desktop/ufrn/8º perÍodo/sistema digitais/lab1/code vhd/ffd.vhd
    Info (12022): Found design unit 1: ffd-ckt_ffd
    Info (12023): Found entity 1: ffd
Info (12021): Found 2 design units, including 1 entities, in source file /users/kaike/desktop/ufrn/8º perÍodo/sistema digitais/lab1/code vhd/datapath.vhd
    Info (12022): Found design unit 1: datapath-ckt_dat
    Info (12023): Found entity 1: datapath
Info (12021): Found 2 design units, including 1 entities, in source file /users/kaike/desktop/ufrn/8º perÍodo/sistema digitais/lab1/code vhd/controller.vhd
    Info (12022): Found design unit 1: controller-ckkto
    Info (12023): Found entity 1: controller
Info (12021): Found 2 design units, including 1 entities, in source file /users/kaike/desktop/ufrn/8º perÍodo/sistema digitais/lab1/code vhd/contador8bit.vhd
    Info (12022): Found design unit 1: contador8bit-ckto
    Info (12023): Found entity 1: contador8bit
Info (12021): Found 2 design units, including 1 entities, in source file /users/kaike/desktop/ufrn/8º perÍodo/sistema digitais/lab1/code vhd/comparador8bit.vhd
    Info (12022): Found design unit 1: comparador8bit-ckt_comparador8bits
    Info (12023): Found entity 1: comparador8bit
Info (12021): Found 2 design units, including 1 entities, in source file /users/kaike/desktop/ufrn/8º perÍodo/sistema digitais/lab1/code vhd/comparador4bit.vhd
    Info (12022): Found design unit 1: comparador4bit-ckt_comparador4bits
    Info (12023): Found entity 1: comparador4bit
Info (12021): Found 2 design units, including 1 entities, in source file /users/kaike/desktop/ufrn/8º perÍodo/sistema digitais/lab1/code vhd/combinational_logic.vhd
    Info (12022): Found design unit 1: combinational_logic-ckto
    Info (12023): Found entity 1: combinational_logic
Info (12021): Found 2 design units, including 1 entities, in source file /users/kaike/desktop/ufrn/8º perÍodo/sistema digitais/lab1/code vhd/clk_div.vhd
    Info (12022): Found design unit 1: CLK_Div-ckt
    Info (12023): Found entity 1: CLK_Div
Info (12021): Found 2 design units, including 1 entities, in source file /users/kaike/desktop/ufrn/8º perÍodo/sistema digitais/lab1/code vhd/bloco.vhd
    Info (12022): Found design unit 1: bloco-CKT
    Info (12023): Found entity 1: bloco
Info (12021): Found 2 design units, including 1 entities, in source file /users/kaike/desktop/ufrn/8º perÍodo/sistema digitais/lab1/code vhd/bin_bcd.vhd
    Info (12022): Found design unit 1: bin_bcd-CKTO
    Info (12023): Found entity 1: bin_bcd
Info (12127): Elaborating entity "mux2x1" for the top level hierarchy
Info (286030): Timing-Driven Synthesis is running
Info (16010): Generating hard_block partition "hard_block:auto_generated_inst"
    Info (16011): Adding 0 node(s), including 0 DDIO, 0 PLL, 0 transceiver and 0 LCELL
Info (21057): Implemented 5 device resources after synthesis - the final resource count might be different
    Info (21058): Implemented 3 input pins
    Info (21059): Implemented 1 output pins
    Info (21061): Implemented 1 logic cells
Info: Quartus II 64-Bit Analysis & Synthesis was successful. 0 errors, 0 warnings
    Info: Peak virtual memory: 4707 megabytes
    Info: Processing ended: Wed Jan 27 20:30:56 2021
    Info: Elapsed time: 00:00:05
    Info: Total CPU time (on all processors): 00:00:04


